<?xml version="1.0" encoding="UTF-8"?>
<testng-results total="1" passed="1" failed="0" skipped="0">
  <reporter-output>
  </reporter-output>
  <suite started-at="2025-01-26T12:12:27Z" name="Default suite" finished-at="2025-01-26T12:12:28Z" duration-ms="722">
    <groups>
    </groups>
    <test started-at="2025-01-26T12:12:27Z" name="Default test" finished-at="2025-01-26T12:12:28Z" duration-ms="722">
      <class name="com.qa.tests.GetAPItest">
        <test-method is-config="true" signature="setUp()[pri:0, instance:com.qa.tests.GetAPItest@740fb309]" started-at="2025-01-26T17:42:27Z" name="setUp" finished-at="2025-01-26T17:42:27Z" duration-ms="5" status="PASS">
          <reporter-output>
          </reporter-output>
        </test-method> <!-- setUp -->
        <test-method signature="getTest()[pri:0, instance:com.qa.tests.GetAPItest@740fb309]" started-at="2025-01-26T17:42:27Z" name="getTest" finished-at="2025-01-26T17:42:28Z" duration-ms="705" status="PASS">
          <reporter-output>
          </reporter-output>
        </test-method> <!-- getTest -->
      </class> <!-- com.qa.tests.GetAPItest -->
    </test> <!-- Default test -->
  </suite> <!-- Default suite -->
</testng-results>
