<?xml version="1.0" encoding="UTF-8"?>
<testng-results total="1" passed="1" failed="0" skipped="0">
  <reporter-output>
  </reporter-output>
  <suite started-at="2025-02-08T10:53:48Z" name="Default suite" finished-at="2025-02-08T10:53:49Z" duration-ms="650">
    <groups>
    </groups>
    <test started-at="2025-02-08T10:53:48Z" name="Default test" finished-at="2025-02-08T10:53:49Z" duration-ms="650">
      <class name="com.qa.tests.DeleteAPItest">
        <test-method is-config="true" signature="setUp()[pri:0, instance:com.qa.tests.DeleteAPItest@3cce5371]" started-at="2025-02-08T16:23:48Z" name="setUp" finished-at="2025-02-08T16:23:48Z" duration-ms="8" status="PASS">
          <reporter-output>
          </reporter-output>
        </test-method> <!-- setUp -->
        <test-method signature="DeleteAPITest()[pri:0, instance:com.qa.tests.DeleteAPItest@3cce5371]" started-at="2025-02-08T16:23:48Z" name="DeleteAPITest" finished-at="2025-02-08T16:23:49Z" duration-ms="627" status="PASS">
          <reporter-output>
          </reporter-output>
        </test-method> <!-- DeleteAPITest -->
      </class> <!-- com.qa.tests.DeleteAPItest -->
    </test> <!-- Default test -->
  </suite> <!-- Default suite -->
</testng-results>
